# JRE version: OpenJDK Runtime Environment Temurin-21.0.11+10 (21.0.11+10) (build 21.0.11+10-LTS)
# Java VM: OpenJDK 64-Bit Server VM Temurin-21.0.11+10 (21.0.11+10-LTS, mixed mode, sharing, tiered, compressed oops, compressed class ptrs, parallel gc, windows-amd64)
GC Precious Log:
 CardTable entry size: 512
 CPUs: 8 total, 8 available
 Memory: 8025M
 Large Page Support: Disabled
 NUMA Support: Disabled
 Compressed Oops: Enabled (32-bit)
 Alignments: Space 512K, Generation 512K, Heap 2M
 Heap Min Capacity: 100M
 Heap Initial Capacity: 100M
 Heap Max Capacity: 2G
 Pre-touch: Disabled
 Parallel Workers: 8
Heap:
 PSYoungGen      total 6144K, used 1883K [0x00000000d5580000, 0x00000000d5c00000, 0x0000000100000000)
  eden space 5120K, 29% used [0x00000000d5580000,0x00000000d56f6d80,0x00000000d5a80000)
  from space 1024K, 37% used [0x00000000d5a80000,0x00000000d5ae0000,0x00000000d5b80000)
  to   space 512K, 0% used [0x00000000d5b80000,0x00000000d5b80000,0x00000000d5c00000)
 ParOldGen       total 160768K, used 82490K [0x0000000080000000, 0x0000000089d00000, 0x00000000d5580000)
  object space 160768K, 51% used [0x0000000080000000,0x000000008508e8b8,0x0000000089d00000)
 Metaspace       used 73337K, committed 74752K, reserved 1179648K
  class space    used 7478K, committed 8064K, reserved 1048576K
GC Heap History (20 events):
Event: 156.030 GC heap after
{Heap after GC invocations=168 (full 4):
 PSYoungGen      total 6144K, used 320K [0x00000000d5580000, 0x00000000d5c80000, 0x0000000100000000)
  eden space 5632K, 0% used [0x00000000d5580000,0x00000000d5580000,0x00000000d5b00000)
  from space 512K, 62% used [0x00000000d5c00000,0x00000000d5c50020,0x00000000d5c80000)
  to   space 512K, 0% used [0x00000000d5b80000,0x00000000d5b80000,0x00000000d5c00000)
 ParOldGen       total 160768K, used 77732K [0x0000000080000000, 0x0000000089d00000, 0x00000000d5580000)
  object space 160768K, 48% used [0x0000000080000000,0x0000000084be9330,0x0000000089d00000)
 Metaspace       used 73125K, committed 74560K, reserved 1179648K
  class space    used 7472K, committed 8064K, reserved 1048576K
}
Event: 156.709 GC heap before
{Heap before GC invocations=169 (full 4):
 PSYoungGen      total 6144K, used 5952K [0x00000000d5580000, 0x00000000d5c80000, 0x0000000100000000)
  eden space 5632K, 100% used [0x00000000d5580000,0x00000000d5b00000,0x00000000d5b00000)
  from space 512K, 62% used [0x00000000d5c00000,0x00000000d5c50020,0x00000000d5c80000)
  to   space 512K, 0% used [0x00000000d5b80000,0x00000000d5b80000,0x00000000d5c00000)
 ParOldGen       total 160768K, used 77732K [0x0000000080000000, 0x0000000089d00000, 0x00000000d5580000)
  object space 160768K, 48% used [0x0000000080000000,0x0000000084be9330,0x0000000089d00000)
 Metaspace       used 73186K, committed 74624K, reserved 1179648K
  class space    used 7476K, committed 8064K, reserved 1048576K
}
Event: 156.710 GC heap after
{Heap after GC invocations=169 (full 4):
 PSYoungGen      total 6144K, used 224K [0x00000000d5580000, 0x00000000d5c80000, 0x0000000100000000)
  eden space 5632K, 0% used [0x00000000d5580000,0x00000000d5580000,0x00000000d5b00000)
  from space 512K, 43% used [0x00000000d5b80000,0x00000000d5bb8000,0x00000000d5c00000)
  to   space 512K, 0% used [0x00000000d5c00000,0x00000000d5c00000,0x00000000d5c80000)
 ParOldGen       total 160768K, used 77852K [0x0000000080000000, 0x0000000089d00000, 0x00000000d5580000)
  object space 160768K, 48% used [0x0000000080000000,0x0000000084c07350,0x0000000089d00000)
 Metaspace       used 73186K, committed 74624K, reserved 1179648K
  class space    used 7476K, committed 8064K, reserved 1048576K
}
Event: 157.493 GC heap before
{Heap before GC invocations=170 (full 4):
 PSYoungGen      total 6144K, used 5855K [0x00000000d5580000, 0x00000000d5c80000, 0x0000000100000000)
  eden space 5632K, 99% used [0x00000000d5580000,0x00000000d5affff8,0x00000000d5b00000)
  from space 512K, 43% used [0x00000000d5b80000,0x00000000d5bb8000,0x00000000d5c00000)
  to   space 512K, 0% used [0x00000000d5c00000,0x00000000d5c00000,0x00000000d5c80000)
 ParOldGen       total 160768K, used 77852K [0x0000000080000000, 0x0000000089d00000, 0x00000000d5580000)
  object space 160768K, 48% used [0x0000000080000000,0x0000000084c07350,0x0000000089d00000)
 Metaspace       used 73238K, committed 74688K, reserved 1179648K
  class space    used 7478K, committed 8064K, reserved 1048576K
}
Event: 157.497 GC heap after
{Heap after GC invocations=170 (full 4):
 PSYoungGen      total 5632K, used 512K [0x00000000d5580000, 0x00000000d5e00000, 0x0000000100000000)
  eden space 5120K, 0% used [0x00000000d5580000,0x00000000d5580000,0x00000000d5a80000)
  from space 512K, 100% used [0x00000000d5c00000,0x00000000d5c80000,0x00000000d5c80000)
  to   space 1536K, 0% used [0x00000000d5a80000,0x00000000d5a80000,0x00000000d5c00000)
 ParOldGen       total 160768K, used 78260K [0x0000000080000000, 0x0000000089d00000, 0x00000000d5580000)
  object space 160768K, 48% used [0x0000000080000000,0x0000000084c6d350,0x0000000089d00000)
 Metaspace       used 73238K, committed 74688K, reserved 1179648K
  class space    used 7478K, committed 8064K, reserved 1048576K
}
Event: 158.262 GC heap before
{Heap before GC invocations=171 (full 4):
 PSYoungGen      total 5632K, used 5631K [0x00000000d5580000, 0x00000000d5e00000, 0x0000000100000000)
  eden space 5120K, 99% used [0x00000000d5580000,0x00000000d5a7ffd8,0x00000000d5a80000)
  from space 512K, 100% used [0x00000000d5c00000,0x00000000d5c80000,0x00000000d5c80000)
  to   space 1536K, 0% used [0x00000000d5a80000,0x00000000d5a80000,0x00000000d5c00000)
 ParOldGen       total 160768K, used 78260K [0x0000000080000000, 0x0000000089d00000, 0x00000000d5580000)
  object space 160768K, 48% used [0x0000000080000000,0x0000000084c6d350,0x0000000089d00000)
 Metaspace       used 73240K, committed 74688K, reserved 1179648K
  class space    used 7478K, committed 8064K, reserved 1048576K
}
Event: 158.266 GC heap after
{Heap after GC invocations=171 (full 4):
 PSYoungGen      total 6656K, used 1152K [0x00000000d5580000, 0x00000000d5d80000, 0x0000000100000000)
  eden space 5120K, 0% used [0x00000000d5580000,0x00000000d5580000,0x00000000d5a80000)
  from space 1536K, 75% used [0x00000000d5a80000,0x00000000d5ba0000,0x00000000d5c00000)
  to   space 1536K, 0% used [0x00000000d5c00000,0x00000000d5c00000,0x00000000d5d80000)
 ParOldGen       total 160768K, used 78784K [0x0000000080000000, 0x0000000089d00000, 0x00000000d5580000)
  object space 160768K, 49% used [0x0000000080000000,0x0000000084cf0360,0x0000000089d00000)
 Metaspace       used 73240K, committed 74688K, reserved 1179648K
  class space    used 7478K, committed 8064K, reserved 1048576K
}
Event: 159.845 GC heap before
{Heap before GC invocations=172 (full 4):
 PSYoungGen      total 6656K, used 6272K [0x00000000d5580000, 0x00000000d5d80000, 0x0000000100000000)
  eden space 5120K, 100% used [0x00000000d5580000,0x00000000d5a80000,0x00000000d5a80000)
  from space 1536K, 75% used [0x00000000d5a80000,0x00000000d5ba0000,0x00000000d5c00000)
  to   space 1536K, 0% used [0x00000000d5c00000,0x00000000d5c00000,0x00000000d5d80000)
 ParOldGen       total 160768K, used 78784K [0x0000000080000000, 0x0000000089d00000, 0x00000000d5580000)
  object space 160768K, 49% used [0x0000000080000000,0x0000000084cf0360,0x0000000089d00000)
 Metaspace       used 73261K, committed 74688K, reserved 1179648K
  class space    used 7478K, committed 8064K, reserved 1048576K
}
Event: 159.849 GC heap after
{Heap after GC invocations=172 (full 4):
 PSYoungGen      total 6144K, used 672K [0x00000000d5580000, 0x00000000d5d00000, 0x0000000100000000)
  eden space 5120K, 0% used [0x00000000d5580000,0x00000000d5580000,0x00000000d5a80000)
  from space 1024K, 65% used [0x00000000d5c00000,0x00000000d5ca8000,0x00000000d5d00000)
  to   space 1024K, 0% used [0x00000000d5b00000,0x00000000d5b00000,0x00000000d5c00000)
 ParOldGen       total 160768K, used 79504K [0x0000000080000000, 0x0000000089d00000, 0x00000000d5580000)
  object space 160768K, 49% used [0x0000000080000000,0x0000000084da4360,0x0000000089d00000)
 Metaspace       used 73261K, committed 74688K, reserved 1179648K
  class space    used 7478K, committed 8064K, reserved 1048576K
}
Event: 162.309 GC heap before
{Heap before GC invocations=173 (full 4):
 PSYoungGen      total 6144K, used 5792K [0x00000000d5580000, 0x00000000d5d00000, 0x0000000100000000)
  eden space 5120K, 100% used [0x00000000d5580000,0x00000000d5a80000,0x00000000d5a80000)
  from space 1024K, 65% used [0x00000000d5c00000,0x00000000d5ca8000,0x00000000d5d00000)
  to   space 1024K, 0% used [0x00000000d5b00000,0x00000000d5b00000,0x00000000d5c00000)
 ParOldGen       total 160768K, used 79504K [0x0000000080000000, 0x0000000089d00000, 0x00000000d5580000)
  object space 160768K, 49% used [0x0000000080000000,0x0000000084da4360,0x0000000089d00000)
 Metaspace       used 73262K, committed 74688K, reserved 1179648K
  class space    used 7478K, committed 8064K, reserved 1048576K
}
Event: 162.313 GC heap after
{Heap after GC invocations=173 (full 4):
 PSYoungGen      total 6144K, used 576K [0x00000000d5580000, 0x00000000d5c80000, 0x0000000100000000)
  eden space 5120K, 0% used [0x00000000d5580000,0x00000000d5580000,0x00000000d5a80000)
  from space 1024K, 56% used [0x00000000d5b00000,0x00000000d5b90000,0x00000000d5c00000)
  to   space 512K, 0% used [0x00000000d5c00000,0x00000000d5c00000,0x00000000d5c80000)
 ParOldGen       total 160768K, used 80088K [0x0000000080000000, 0x0000000089d00000, 0x00000000d5580000)
  object space 160768K, 49% used [0x0000000080000000,0x0000000084e36110,0x0000000089d00000)
 Metaspace       used 73262K, committed 74688K, reserved 1179648K
  class space    used 7478K, committed 8064K, reserved 1048576K
}
Event: 162.452 GC heap before
{Heap before GC invocations=174 (full 4):
 PSYoungGen      total 6144K, used 5696K [0x00000000d5580000, 0x00000000d5c80000, 0x0000000100000000)
  eden space 5120K, 100% used [0x00000000d5580000,0x00000000d5a80000,0x00000000d5a80000)
  from space 1024K, 56% used [0x00000000d5b00000,0x00000000d5b90000,0x00000000d5c00000)
  to   space 512K, 0% used [0x00000000d5c00000,0x00000000d5c00000,0x00000000d5c80000)
 ParOldGen       total 160768K, used 80088K [0x0000000080000000, 0x0000000089d00000, 0x00000000d5580000)
  object space 160768K, 49% used [0x0000000080000000,0x0000000084e36110,0x0000000089d00000)
 Metaspace       used 73274K, committed 74752K, reserved 1179648K
  class space    used 7478K, committed 8064K, reserved 1048576K
}
Event: 162.456 GC heap after
{Heap after GC invocations=174 (full 4):
 PSYoungGen      total 5632K, used 496K [0x00000000d5580000, 0x00000000d5d80000, 0x0000000100000000)
  eden space 5120K, 0% used [0x00000000d5580000,0x00000000d5580000,0x00000000d5a80000)
  from space 512K, 96% used [0x00000000d5c00000,0x00000000d5c7c010,0x00000000d5c80000)
  to   space 1536K, 0% used [0x00000000d5a80000,0x00000000d5a80000,0x00000000d5c00000)
 ParOldGen       total 160768K, used 80792K [0x0000000080000000, 0x0000000089d00000, 0x00000000d5580000)
  object space 160768K, 50% used [0x0000000080000000,0x0000000084ee6110,0x0000000089d00000)
 Metaspace       used 73274K, committed 74752K, reserved 1179648K
  class space    used 7478K, committed 8064K, reserved 1048576K
}
Event: 162.534 GC heap before
{Heap before GC invocations=175 (full 4):
 PSYoungGen      total 5632K, used 5616K [0x00000000d5580000, 0x00000000d5d80000, 0x0000000100000000)
  eden space 5120K, 100% used [0x00000000d5580000,0x00000000d5a80000,0x00000000d5a80000)
  from space 512K, 96% used [0x00000000d5c00000,0x00000000d5c7c010,0x00000000d5c80000)
  to   space 1536K, 0% used [0x00000000d5a80000,0x00000000d5a80000,0x00000000d5c00000)
 ParOldGen       total 160768K, used 80792K [0x0000000080000000, 0x0000000089d00000, 0x00000000d5580000)
  object space 160768K, 50% used [0x0000000080000000,0x0000000084ee6110,0x0000000089d00000)
 Metaspace       used 73296K, committed 74752K, reserved 1179648K
  class space    used 7478K, committed 8064K, reserved 1048576K
}
Event: 162.537 GC heap after
{Heap after GC invocations=175 (full 4):
 PSYoungGen      total 6144K, used 736K [0x00000000d5580000, 0x00000000d5c80000, 0x0000000100000000)
  eden space 5120K, 0% used [0x00000000d5580000,0x00000000d5580000,0x00000000d5a80000)
  from space 1024K, 71% used [0x00000000d5a80000,0x00000000d5b38000,0x00000000d5b80000)
  to   space 1024K, 0% used [0x00000000d5b80000,0x00000000d5b80000,0x00000000d5c80000)
 ParOldGen       total 160768K, used 81198K [0x0000000080000000, 0x0000000089d00000, 0x00000000d5580000)
  object space 160768K, 50% used [0x0000000080000000,0x0000000084f4b8a8,0x0000000089d00000)
 Metaspace       used 73296K, committed 74752K, reserved 1179648K
  class space    used 7478K, committed 8064K, reserved 1048576K
}
Event: 162.623 GC heap before
{Heap before GC invocations=176 (full 4):
 PSYoungGen      total 6144K, used 5856K [0x00000000d5580000, 0x00000000d5c80000, 0x0000000100000000)
  eden space 5120K, 100% used [0x00000000d5580000,0x00000000d5a80000,0x00000000d5a80000)
  from space 1024K, 71% used [0x00000000d5a80000,0x00000000d5b38000,0x00000000d5b80000)
  to   space 1024K, 0% used [0x00000000d5b80000,0x00000000d5b80000,0x00000000d5c80000)
 ParOldGen       total 160768K, used 81198K [0x0000000080000000, 0x0000000089d00000, 0x00000000d5580000)
  object space 160768K, 50% used [0x0000000080000000,0x0000000084f4b8a8,0x0000000089d00000)
 Metaspace       used 73324K, committed 74752K, reserved 1179648K
  class space    used 7478K, committed 8064K, reserved 1048576K
}
Event: 162.625 GC heap after
{Heap after GC invocations=176 (full 4):
 PSYoungGen      total 6144K, used 448K [0x00000000d5580000, 0x00000000d5c80000, 0x0000000100000000)
  eden space 5120K, 0% used [0x00000000d5580000,0x00000000d5580000,0x00000000d5a80000)
  from space 1024K, 43% used [0x00000000d5b80000,0x00000000d5bf0000,0x00000000d5c80000)
  to   space 1024K, 0% used [0x00000000d5a80000,0x00000000d5a80000,0x00000000d5b80000)
 ParOldGen       total 160768K, used 81406K [0x0000000080000000, 0x0000000089d00000, 0x00000000d5580000)
  object space 160768K, 50% used [0x0000000080000000,0x0000000084f7f8a8,0x0000000089d00000)
 Metaspace       used 73324K, committed 74752K, reserved 1179648K
  class space    used 7478K, committed 8064K, reserved 1048576K
}
Event: 162.693 GC heap before
{Heap before GC invocations=177 (full 4):
 PSYoungGen      total 6144K, used 5568K [0x00000000d5580000, 0x00000000d5c80000, 0x0000000100000000)
  eden space 5120K, 100% used [0x00000000d5580000,0x00000000d5a80000,0x00000000d5a80000)
  from space 1024K, 43% used [0x00000000d5b80000,0x00000000d5bf0000,0x00000000d5c80000)
  to   space 1024K, 0% used [0x00000000d5a80000,0x00000000d5a80000,0x00000000d5b80000)
 ParOldGen       total 160768K, used 81406K [0x0000000080000000, 0x0000000089d00000, 0x00000000d5580000)
  object space 160768K, 50% used [0x0000000080000000,0x0000000084f7f8a8,0x0000000089d00000)
 Metaspace       used 73332K, committed 74752K, reserved 1179648K
  class space    used 7478K, committed 8064K, reserved 1048576K
}
Event: 162.696 GC heap after
{Heap after GC invocations=177 (full 4):
 PSYoungGen      total 6144K, used 768K [0x00000000d5580000, 0x00000000d5c80000, 0x0000000100000000)
  eden space 5120K, 0% used [0x00000000d5580000,0x00000000d5580000,0x00000000d5a80000)
  from space 1024K, 75% used [0x00000000d5a80000,0x00000000d5b40000,0x00000000d5b80000)
  to   space 1024K, 0% used [0x00000000d5b80000,0x00000000d5b80000,0x00000000d5c80000)
 ParOldGen       total 160768K, used 81694K [0x0000000080000000, 0x0000000089d00000, 0x00000000d5580000)
  object space 160768K, 50% used [0x0000000080000000,0x0000000084fc78a8,0x0000000089d00000)
 Metaspace       used 73332K, committed 74752K, reserved 1179648K
  class space    used 7478K, committed 8064K, reserved 1048576K
}
Event: 162.837 GC heap before
{Heap before GC invocations=178 (full 4):
 PSYoungGen      total 6144K, used 5888K [0x00000000d5580000, 0x00000000d5c80000, 0x0000000100000000)
  eden space 5120K, 100% used [0x00000000d5580000,0x00000000d5a80000,0x00000000d5a80000)
  from space 1024K, 75% used [0x00000000d5a80000,0x00000000d5b40000,0x00000000d5b80000)
  to   space 1024K, 0% used [0x00000000d5b80000,0x00000000d5b80000,0x00000000d5c80000)
 ParOldGen       total 160768K, used 81694K [0x0000000080000000, 0x0000000089d00000, 0x00000000d5580000)
  object space 160768K, 50% used [0x0000000080000000,0x0000000084fc78a8,0x0000000089d00000)
 Metaspace       used 73333K, committed 74752K, reserved 1179648K
  class space    used 7478K, committed 8064K, reserved 1048576K
}

